# JRE version: OpenJDK Runtime Environment JBR-17.0.8.1+7-1059.3-nomod (17.0.8.1+7) (build 17.0.8.1+7-b1059.3)
# Java VM: OpenJDK 64-Bit Server VM JBR-17.0.8.1+7-1059.3-nomod (17.0.8.1+7-b1059.3, mixed mode, tiered, compressed oops, compressed class ptrs, g1 gc, windows-amd64)
GC Precious Log:
 CPUs: 8 total, 8 available
 Memory: 3929M
 Large Page Support: Disabled
 NUMA Support: Disabled
 Compressed Oops: Enabled (32-bit)
 Heap Region Size: 1M
 Heap Min Capacity: 8M
 Heap Initial Capacity: 62M
 Heap Max Capacity: 984M
 Pre-touch: Disabled
 Parallel Workers: 8
 Concurrent Workers: 2
 Concurrent Refinement Workers: 8
 Periodic GC: Disabled
Heap:
 garbage-first heap   total 250880K, used 162121K [0x00000000c2800000, 0x0000000100000000)
  region size 1024K, 2 young (2048K), 2 survivors (2048K)
 Metaspace       used 35997K, committed 36288K, reserved 1114112K
  class space    used 4650K, committed 4800K, reserved 1048576K
GC Heap History (20 events):
Event: 18.752 GC heap after
{Heap after GC invocations=11 (full 0):
 garbage-first heap   total 76800K, used 51642K [0x00000000c2800000, 0x0000000100000000)
  region size 1024K, 3 young (3072K), 3 survivors (3072K)
 Metaspace       used 35203K, committed 35520K, reserved 1114112K
  class space    used 4574K, committed 4736K, reserved 1048576K
}
Event: 18.756 GC heap before
{Heap before GC invocations=11 (full 0):
 garbage-first heap   total 76800K, used 52666K [0x00000000c2800000, 0x0000000100000000)
  region size 1024K, 4 young (4096K), 3 survivors (3072K)
 Metaspace       used 35204K, committed 35520K, reserved 1114112K
  class space    used 4574K, committed 4736K, reserved 1048576K
}
Event: 18.760 GC heap after
{Heap after GC invocations=12 (full 0):
 garbage-first heap   total 76800K, used 52465K [0x00000000c2800000, 0x0000000100000000)
  region size 1024K, 1 young (1024K), 1 survivors (1024K)
 Metaspace       used 35204K, committed 35520K, reserved 1114112K
  class space    used 4574K, committed 4736K, reserved 1048576K
}
Event: 18.792 GC heap before
{Heap before GC invocations=12 (full 0):
 garbage-first heap   total 76800K, used 61681K [0x00000000c2800000, 0x0000000100000000)
  region size 1024K, 10 young (10240K), 1 survivors (1024K)
 Metaspace       used 35204K, committed 35520K, reserved 1114112K
  class space    used 4574K, committed 4736K, reserved 1048576K
}
Event: 18.796 GC heap after
{Heap after GC invocations=13 (full 0):
 garbage-first heap   total 76800K, used 58105K [0x00000000c2800000, 0x0000000100000000)
  region size 1024K, 2 young (2048K), 2 survivors (2048K)
 Metaspace       used 35204K, committed 35520K, reserved 1114112K
  class space    used 4574K, committed 4736K, reserved 1048576K
}
Event: 18.821 GC heap before
{Heap before GC invocations=13 (full 0):
 garbage-first heap   total 104448K, used 62201K [0x00000000c2800000, 0x0000000100000000)
  region size 1024K, 6 young (6144K), 2 survivors (2048K)
 Metaspace       used 35204K, committed 35520K, reserved 1114112K
  class space    used 4574K, committed 4736K, reserved 1048576K
}
Event: 18.824 GC heap after
{Heap after GC invocations=14 (full 0):
 garbage-first heap   total 104448K, used 61056K [0x00000000c2800000, 0x0000000100000000)
  region size 1024K, 1 young (1024K), 1 survivors (1024K)
 Metaspace       used 35204K, committed 35520K, reserved 1114112K
  class space    used 4574K, committed 4736K, reserved 1048576K
}
Event: 18.847 GC heap before
{Heap before GC invocations=15 (full 0):
 garbage-first heap   total 104448K, used 65152K [0x00000000c2800000, 0x0000000100000000)
  region size 1024K, 6 young (6144K), 1 survivors (1024K)
 Metaspace       used 35204K, committed 35520K, reserved 1114112K
  class space    used 4574K, committed 4736K, reserved 1048576K
}
Event: 18.851 GC heap after
{Heap after GC invocations=16 (full 0):
 garbage-first heap   total 222208K, used 64245K [0x00000000c2800000, 0x0000000100000000)
  region size 1024K, 2 young (2048K), 2 survivors (2048K)
 Metaspace       used 35204K, committed 35520K, reserved 1114112K
  class space    used 4574K, committed 4736K, reserved 1048576K
}
Event: 19.073 GC heap before
{Heap before GC invocations=16 (full 0):
 garbage-first heap   total 222208K, used 141045K [0x00000000c2800000, 0x0000000100000000)
  region size 1024K, 65 young (66560K), 2 survivors (2048K)
 Metaspace       used 35317K, committed 35648K, reserved 1114112K
  class space    used 4585K, committed 4736K, reserved 1048576K
}
Event: 19.104 GC heap after
{Heap after GC invocations=17 (full 0):
 garbage-first heap   total 222208K, used 113218K [0x00000000c2800000, 0x0000000100000000)
  region size 1024K, 9 young (9216K), 9 survivors (9216K)
 Metaspace       used 35317K, committed 35648K, reserved 1114112K
  class space    used 4585K, committed 4736K, reserved 1048576K
}
Event: 19.111 GC heap before
{Heap before GC invocations=17 (full 0):
 garbage-first heap   total 222208K, used 114242K [0x00000000c2800000, 0x0000000100000000)
  region size 1024K, 11 young (11264K), 9 survivors (9216K)
 Metaspace       used 35317K, committed 35648K, reserved 1114112K
  class space    used 4585K, committed 4736K, reserved 1048576K
}
Event: 19.122 GC heap after
{Heap after GC invocations=18 (full 0):
 garbage-first heap   total 222208K, used 117206K [0x00000000c2800000, 0x0000000100000000)
  region size 1024K, 2 young (2048K), 2 survivors (2048K)
 Metaspace       used 35317K, committed 35648K, reserved 1114112K
  class space    used 4585K, committed 4736K, reserved 1048576K
}
Event: 19.231 GC heap before
{Heap before GC invocations=19 (full 0):
 garbage-first heap   total 244736K, used 154070K [0x00000000c2800000, 0x0000000100000000)
  region size 1024K, 33 young (33792K), 2 survivors (2048K)
 Metaspace       used 35442K, committed 35776K, reserved 1114112K
  class space    used 4604K, committed 4800K, reserved 1048576K
}
Event: 19.244 GC heap after
{Heap after GC invocations=20 (full 0):
 garbage-first heap   total 244736K, used 137020K [0x00000000c2800000, 0x0000000100000000)
  region size 1024K, 5 young (5120K), 5 survivors (5120K)
 Metaspace       used 35442K, committed 35776K, reserved 1114112K
  class space    used 4604K, committed 4800K, reserved 1048576K
}
Event: 19.330 GC heap before
{Heap before GC invocations=20 (full 0):
 garbage-first heap   total 244736K, used 166716K [0x00000000c2800000, 0x0000000100000000)
  region size 1024K, 35 young (35840K), 5 survivors (5120K)
 Metaspace       used 35482K, committed 35840K, reserved 1114112K
  class space    used 4605K, committed 4800K, reserved 1048576K
}
Event: 19.352 GC heap after
{Heap after GC invocations=21 (full 0):
 garbage-first heap   total 244736K, used 153310K [0x00000000c2800000, 0x0000000100000000)
  region size 1024K, 5 young (5120K), 5 survivors (5120K)
 Metaspace       used 35482K, committed 35840K, reserved 1114112K
  class space    used 4605K, committed 4800K, reserved 1048576K
}
Event: 19.506 GC heap before
{Heap before GC invocations=22 (full 0):
 garbage-first heap   total 250880K, used 171742K [0x00000000c2800000, 0x0000000100000000)
  region size 1024K, 32 young (32768K), 5 survivors (5120K)
 Metaspace       used 35986K, committed 36288K, reserved 1114112K
  class space    used 4649K, committed 4800K, reserved 1048576K
}
Event: 19.517 GC heap after
{Heap after GC invocations=23 (full 0):
 garbage-first heap   total 250880K, used 154624K [0x00000000c2800000, 0x0000000100000000)
  region size 1024K, 4 young (4096K), 4 survivors (4096K)
 Metaspace       used 35986K, committed 36288K, reserved 1114112K
  class space    used 4649K, committed 4800K, reserved 1048576K
}
Event: 19.543 GC heap before
{Heap before GC invocations=23 (full 0):
 garbage-first heap   total 250880K, used 162816K [0x00000000c2800000, 0x0000000100000000)
  region size 1024K, 12 young (12288K), 4 survivors (4096K)
 Metaspace       used 35997K, committed 36288K, reserved 1114112K
  class space    used 4650K, committed 4800K, reserved 1048576K
}

