# JRE version: OpenJDK Runtime Environment JBR-17.0.8.1+7-1059.3-nomod (17.0.8.1+7) (build 17.0.8.1+7-b1059.3)
# Java VM: OpenJDK 64-Bit Server VM JBR-17.0.8.1+7-1059.3-nomod (17.0.8.1+7-b1059.3, mixed mode, tiered, compressed oops, compressed class ptrs, g1 gc, windows-amd64)
GC Precious Log:
 CPUs: 8 total, 8 available
 Memory: 3929M
 Large Page Support: Disabled
 NUMA Support: Disabled
 Compressed Oops: Enabled (32-bit)
 Heap Region Size: 1M
 Heap Min Capacity: 8M
 Heap Initial Capacity: 62M
 Heap Max Capacity: 984M
 Pre-touch: Disabled
 Parallel Workers: 8
 Concurrent Workers: 2
 Concurrent Refinement Workers: 8
 Periodic GC: Disabled
Heap:
 garbage-first heap   total 281600K, used 215040K [0x00000000c2800000, 0x0000000100000000)
  region size 1024K, 4 young (4096K), 4 survivors (4096K)
 Metaspace       used 36813K, committed 37120K, reserved 1114112K
  class space    used 4710K, committed 4864K, reserved 1048576K
GC Heap History (20 events):
Event: 61.787 GC heap after
{Heap after GC invocations=19 (full 0):
 garbage-first heap   total 100352K, used 48681K [0x00000000c2800000, 0x0000000100000000)
  region size 1024K, 2 young (2048K), 2 survivors (2048K)
 Metaspace       used 32817K, committed 33088K, reserved 1114112K
  class space    used 4295K, committed 4416K, reserved 1048576K
}
Event: 61.808 GC heap before
{Heap before GC invocations=20 (full 0):
 garbage-first heap   total 100352K, used 49705K [0x00000000c2800000, 0x0000000100000000)
  region size 1024K, 3 young (3072K), 2 survivors (2048K)
 Metaspace       used 32828K, committed 33088K, reserved 1114112K
  class space    used 4295K, committed 4416K, reserved 1048576K
}
Event: 61.809 GC heap after
{Heap after GC invocations=21 (full 0):
 garbage-first heap   total 100352K, used 49745K [0x00000000c2800000, 0x0000000100000000)
  region size 1024K, 2 young (2048K), 2 survivors (2048K)
 Metaspace       used 32828K, committed 33088K, reserved 1114112K
  class space    used 4295K, committed 4416K, reserved 1048576K
}
Event: 61.827 GC heap before
{Heap before GC invocations=22 (full 0):
 garbage-first heap   total 100352K, used 50769K [0x00000000c2800000, 0x0000000100000000)
  region size 1024K, 3 young (3072K), 2 survivors (2048K)
 Metaspace       used 32830K, committed 33088K, reserved 1114112K
  class space    used 4295K, committed 4416K, reserved 1048576K
}
Event: 61.830 GC heap after
{Heap after GC invocations=23 (full 0):
 garbage-first heap   total 224256K, used 50869K [0x00000000c2800000, 0x0000000100000000)
  region size 1024K, 2 young (2048K), 2 survivors (2048K)
 Metaspace       used 32830K, committed 33088K, reserved 1114112K
  class space    used 4295K, committed 4416K, reserved 1048576K
}
Event: 70.308 GC heap before
{Heap before GC invocations=23 (full 0):
 garbage-first heap   total 224256K, used 191157K [0x00000000c2800000, 0x0000000100000000)
  region size 1024K, 118 young (120832K), 2 survivors (2048K)
 Metaspace       used 35531K, committed 35776K, reserved 1114112K
  class space    used 4586K, committed 4736K, reserved 1048576K
}
Event: 70.399 GC heap after
{Heap after GC invocations=24 (full 0):
 garbage-first heap   total 253952K, used 132616K [0x00000000c2800000, 0x0000000100000000)
  region size 1024K, 15 young (15360K), 15 survivors (15360K)
 Metaspace       used 35531K, committed 35776K, reserved 1114112K
  class space    used 4586K, committed 4736K, reserved 1048576K
}
Event: 70.530 GC heap before
{Heap before GC invocations=24 (full 0):
 garbage-first heap   total 253952K, used 173576K [0x00000000c2800000, 0x0000000100000000)
  region size 1024K, 55 young (56320K), 15 survivors (15360K)
 Metaspace       used 35691K, committed 36032K, reserved 1114112K
  class space    used 4606K, committed 4800K, reserved 1048576K
}
Event: 70.558 GC heap after
{Heap after GC invocations=25 (full 0):
 garbage-first heap   total 253952K, used 151040K [0x00000000c2800000, 0x0000000100000000)
  region size 1024K, 7 young (7168K), 7 survivors (7168K)
 Metaspace       used 35691K, committed 36032K, reserved 1114112K
  class space    used 4606K, committed 4800K, reserved 1048576K
}
Event: 70.697 GC heap before
{Heap before GC invocations=26 (full 0):
 garbage-first heap   total 260096K, used 170496K [0x00000000c2800000, 0x0000000100000000)
  region size 1024K, 32 young (32768K), 7 survivors (7168K)
 Metaspace       used 36170K, committed 36480K, reserved 1114112K
  class space    used 4645K, committed 4800K, reserved 1048576K
}
Event: 70.709 GC heap after
{Heap after GC invocations=27 (full 0):
 garbage-first heap   total 260096K, used 157184K [0x00000000c2800000, 0x0000000100000000)
  region size 1024K, 6 young (6144K), 6 survivors (6144K)
 Metaspace       used 36170K, committed 36480K, reserved 1114112K
  class space    used 4645K, committed 4800K, reserved 1048576K
}
Event: 70.842 GC heap before
{Heap before GC invocations=28 (full 0):
 garbage-first heap   total 260096K, used 164352K [0x00000000c2800000, 0x0000000100000000)
  region size 1024K, 26 young (26624K), 6 survivors (6144K)
 Metaspace       used 36215K, committed 36544K, reserved 1114112K
  class space    used 4650K, committed 4800K, reserved 1048576K
}
Event: 70.860 GC heap after
{Heap after GC invocations=29 (full 0):
 garbage-first heap   total 260096K, used 157696K [0x00000000c2800000, 0x0000000100000000)
  region size 1024K, 5 young (5120K), 5 survivors (5120K)
 Metaspace       used 36215K, committed 36544K, reserved 1114112K
  class space    used 4650K, committed 4800K, reserved 1048576K
}
Event: 71.080 GC heap before
{Heap before GC invocations=30 (full 0):
 garbage-first heap   total 281600K, used 201728K [0x00000000c2800000, 0x0000000100000000)
  region size 1024K, 38 young (38912K), 5 survivors (5120K)
 Metaspace       used 36772K, committed 37120K, reserved 1114112K
  class space    used 4706K, committed 4864K, reserved 1048576K
}
Event: 71.098 GC heap after
{Heap after GC invocations=31 (full 0):
 garbage-first heap   total 281600K, used 181100K [0x00000000c2800000, 0x0000000100000000)
  region size 1024K, 5 young (5120K), 5 survivors (5120K)
 Metaspace       used 36772K, committed 37120K, reserved 1114112K
  class space    used 4706K, committed 4864K, reserved 1048576K
}
Event: 71.132 GC heap before
{Heap before GC invocations=31 (full 0):
 garbage-first heap   total 281600K, used 196460K [0x00000000c2800000, 0x0000000100000000)
  region size 1024K, 13 young (13312K), 5 survivors (5120K)
 Metaspace       used 36773K, committed 37120K, reserved 1114112K
  class space    used 4706K, committed 4864K, reserved 1048576K
}
Event: 71.140 GC heap after
{Heap after GC invocations=32 (full 0):
 garbage-first heap   total 281600K, used 190856K [0x00000000c2800000, 0x0000000100000000)
  region size 1024K, 2 young (2048K), 2 survivors (2048K)
 Metaspace       used 36773K, committed 37120K, reserved 1114112K
  class space    used 4706K, committed 4864K, reserved 1048576K
}
Event: 71.200 GC heap before
{Heap before GC invocations=32 (full 0):
 garbage-first heap   total 281600K, used 217480K [0x00000000c2800000, 0x0000000100000000)
  region size 1024K, 29 young (29696K), 2 survivors (2048K)
 Metaspace       used 36813K, committed 37120K, reserved 1114112K
  class space    used 4710K, committed 4864K, reserved 1048576K
}
Event: 71.212 GC heap after
{Heap after GC invocations=33 (full 0):
 garbage-first heap   total 281600K, used 198572K [0x00000000c2800000, 0x0000000100000000)
  region size 1024K, 4 young (4096K), 4 survivors (4096K)
 Metaspace       used 36813K, committed 37120K, reserved 1114112K
  class space    used 4710K, committed 4864K, reserved 1048576K
}
Event: 71.293 GC heap before
{Heap before GC invocations=33 (full 0):
 garbage-first heap   total 281600K, used 227244K [0x00000000c2800000, 0x0000000100000000)
  region size 1024K, 31 young (31744K), 4 survivors (4096K)
 Metaspace       used 36813K, committed 37120K, reserved 1114112K
  class space    used 4710K, committed 4864K, reserved 1048576K
}

